# JRE version: OpenJDK Runtime Environment (8.0_202-b03) (build 1.8.0_202-release-1483-b03)
# Java VM: OpenJDK 64-Bit Server VM (25.202-b03 mixed mode windows-amd64 compressed oops)
Heap:
 PSYoungGen      total 429056K, used 372113K [0x00000000e0000000, 0x00000000fef00000, 0x0000000100000000)
  eden space 369664K, 91% used [0x00000000e0000000,0x00000000f4b82c90,0x00000000f6900000)
  from space 59392K, 54% used [0x00000000f6900000,0x00000000f88e18e0,0x00000000fa300000)
  to   space 57344K, 0% used [0x00000000fb700000,0x00000000fb700000,0x00000000fef00000)
 ParOldGen       total 190976K, used 82269K [0x00000000a0000000, 0x00000000aba80000, 0x00000000e0000000)
  object space 190976K, 43% used [0x00000000a0000000,0x00000000a5057790,0x00000000aba80000)
 Metaspace       used 107944K, capacity 115964K, committed 116056K, reserved 1150976K
  class space    used 13614K, capacity 14927K, committed 14976K, reserved 1048576K
GC Heap History (10 events):
Event: 19899.928 GC heap before
{Heap before GC invocations=43 (full 4):
 PSYoungGen      total 356864K, used 356859K [0x00000000e0000000, 0x00000000fb000000, 0x0000000100000000)
  eden space 310272K, 100% used [0x00000000e0000000,0x00000000f2f00000,0x00000000f2f00000)
  from space 46592K, 99% used [0x00000000f6780000,0x00000000f94fec18,0x00000000f9500000)
  to   space 57856K, 0% used [0x00000000f2f00000,0x00000000f2f00000,0x00000000f6780000)
 ParOldGen       total 190976K, used 81270K [0x00000000a0000000, 0x00000000aba80000, 0x00000000e0000000)
  object space 190976K, 42% used [0x00000000a0000000,0x00000000a4f5da88,0x00000000aba80000)
 Metaspace       used 105433K, capacity 111808K, committed 111960K, reserved 1146880K
  class space    used 13289K, capacity 14385K, committed 14464K, reserved 1048576K
Event: 19899.985 GC heap after
Heap after GC invocations=43 (full 4):
 PSYoungGen      total 368128K, used 34622K [0x00000000e0000000, 0x00000000fc680000, 0x0000000100000000)
  eden space 310272K, 0% used [0x00000000e0000000,0x00000000e0000000,0x00000000f2f00000)
  from space 57856K, 59% used [0x00000000f2f00000,0x00000000f50cfa10,0x00000000f6780000)
  to   space 57856K, 0% used [0x00000000f8e00000,0x00000000f8e00000,0x00000000fc680000)
 ParOldGen       total 190976K, used 82101K [0x00000000a0000000, 0x00000000aba80000, 0x00000000e0000000)
  object space 190976K, 42% used [0x00000000a0000000,0x00000000a502d790,0x00000000aba80000)
 Metaspace       used 105433K, capacity 111808K, committed 111960K, reserved 1146880K
  class space    used 13289K, capacity 14385K, committed 14464K, reserved 1048576K
}
Event: 20063.113 GC heap before
{Heap before GC invocations=44 (full 4):
 PSYoungGen      total 368128K, used 344894K [0x00000000e0000000, 0x00000000fc680000, 0x0000000100000000)
  eden space 310272K, 100% used [0x00000000e0000000,0x00000000f2f00000,0x00000000f2f00000)
  from space 57856K, 59% used [0x00000000f2f00000,0x00000000f50cfa10,0x00000000f6780000)
  to   space 57856K, 0% used [0x00000000f8e00000,0x00000000f8e00000,0x00000000fc680000)
 ParOldGen       total 190976K, used 82101K [0x00000000a0000000, 0x00000000aba80000, 0x00000000e0000000)
  object space 190976K, 42% used [0x00000000a0000000,0x00000000a502d790,0x00000000aba80000)
 Metaspace       used 106969K, capacity 114682K, committed 114904K, reserved 1148928K
  class space    used 13546K, capacity 14820K, committed 14848K, reserved 1048576K
Event: 20063.171 GC heap after
Heap after GC invocations=44 (full 4):
 PSYoungGen      total 396288K, used 36222K [0x00000000e0000000, 0x00000000fc100000, 0x0000000100000000)
  eden space 344064K, 0% used [0x00000000e0000000,0x00000000e0000000,0x00000000f5000000)
  from space 52224K, 69% used [0x00000000f8e00000,0x00000000fb15f9b0,0x00000000fc100000)
  to   space 57856K, 0% used [0x00000000f5000000,0x00000000f5000000,0x00000000f8880000)
 ParOldGen       total 190976K, used 82245K [0x00000000a0000000, 0x00000000aba80000, 0x00000000e0000000)
  object space 190976K, 43% used [0x00000000a0000000,0x00000000a5051790,0x00000000aba80000)
 Metaspace       used 106969K, capacity 114682K, committed 114904K, reserved 1148928K
  class space    used 13546K, capacity 14820K, committed 14848K, reserved 1048576K
}
Event: 20865.224 GC heap before
{Heap before GC invocations=45 (full 4):
 PSYoungGen      total 396288K, used 380286K [0x00000000e0000000, 0x00000000fc100000, 0x0000000100000000)
  eden space 344064K, 100% used [0x00000000e0000000,0x00000000f5000000,0x00000000f5000000)
  from space 52224K, 69% used [0x00000000f8e00000,0x00000000fb15f9b0,0x00000000fc100000)
  to   space 57856K, 0% used [0x00000000f5000000,0x00000000f5000000,0x00000000f8880000)
 ParOldGen       total 190976K, used 82245K [0x00000000a0000000, 0x00000000aba80000, 0x00000000e0000000)
  object space 190976K, 43% used [0x00000000a0000000,0x00000000a5051790,0x00000000aba80000)
 Metaspace       used 107068K, capacity 114826K, committed 114904K, reserved 1148928K
  class space    used 13549K, capacity 14822K, committed 14848K, reserved 1048576K
Event: 20865.915 GC heap after
Heap after GC invocations=45 (full 4):
 PSYoungGen      total 401920K, used 38278K [0x00000000e0000000, 0x00000000fde80000, 0x0000000100000000)
  eden space 344064K, 0% used [0x00000000e0000000,0x00000000e0000000,0x00000000f5000000)
  from space 57856K, 66% used [0x00000000f5000000,0x00000000f7561860,0x00000000f8880000)
  to   space 58880K, 0% used [0x00000000fa500000,0x00000000fa500000,0x00000000fde80000)
 ParOldGen       total 190976K, used 82253K [0x00000000a0000000, 0x00000000aba80000, 0x00000000e0000000)
  object space 190976K, 43% used [0x00000000a0000000,0x00000000a5053790,0x00000000aba80000)
 Metaspace       used 107068K, capacity 114826K, committed 114904K, reserved 1148928K
  class space    used 13549K, capacity 14822K, committed 14848K, reserved 1048576K
}
Event: 20883.264 GC heap before
{Heap before GC invocations=46 (full 4):
 PSYoungGen      total 401920K, used 382342K [0x00000000e0000000, 0x00000000fde80000, 0x0000000100000000)
  eden space 344064K, 100% used [0x00000000e0000000,0x00000000f5000000,0x00000000f5000000)
  from space 57856K, 66% used [0x00000000f5000000,0x00000000f7561860,0x00000000f8880000)
  to   space 58880K, 0% used [0x00000000fa500000,0x00000000fa500000,0x00000000fde80000)
 ParOldGen       total 190976K, used 82253K [0x00000000a0000000, 0x00000000aba80000, 0x00000000e0000000)
  object space 190976K, 43% used [0x00000000a0000000,0x00000000a5053790,0x00000000aba80000)
 Metaspace       used 107191K, capacity 114986K, committed 115160K, reserved 1148928K
  class space    used 13558K, capacity 14838K, committed 14848K, reserved 1048576K
Event: 20883.381 GC heap after
Heap after GC invocations=46 (full 4):
 PSYoungGen      total 427008K, used 38761K [0x00000000e0000000, 0x00000000fdd00000, 0x0000000100000000)
  eden space 369664K, 0% used [0x00000000e0000000,0x00000000e0000000,0x00000000f6900000)
  from space 57344K, 67% used [0x00000000fa500000,0x00000000fcada680,0x00000000fdd00000)
  to   space 59392K, 0% used [0x00000000f6900000,0x00000000f6900000,0x00000000fa300000)
 ParOldGen       total 190976K, used 82261K [0x00000000a0000000, 0x00000000aba80000, 0x00000000e0000000)
  object space 190976K, 43% used [0x00000000a0000000,0x00000000a5055790,0x00000000aba80000)
 Metaspace       used 107191K, capacity 114986K, committed 115160K, reserved 1148928K
  class space    used 13558K, capacity 14838K, committed 14848K, reserved 1048576K
}
Event: 21599.114 GC heap before
{Heap before GC invocations=47 (full 4):
 PSYoungGen      total 427008K, used 408425K [0x00000000e0000000, 0x00000000fdd00000, 0x0000000100000000)
  eden space 369664K, 100% used [0x00000000e0000000,0x00000000f6900000,0x00000000f6900000)
  from space 57344K, 67% used [0x00000000fa500000,0x00000000fcada680,0x00000000fdd00000)
  to   space 59392K, 0% used [0x00000000f6900000,0x00000000f6900000,0x00000000fa300000)
 ParOldGen       total 190976K, used 82261K [0x00000000a0000000, 0x00000000aba80000, 0x00000000e0000000)
  object space 190976K, 43% used [0x00000000a0000000,0x00000000a5055790,0x00000000aba80000)
 Metaspace       used 107706K, capacity 115754K, committed 116056K, reserved 1150976K
  class space    used 13607K, capacity 14914K, committed 14976K, reserved 1048576K
Event: 21599.505 GC heap after
Heap after GC invocations=47 (full 4):
 PSYoungGen      total 429056K, used 32646K [0x00000000e0000000, 0x00000000fef00000, 0x0000000100000000)
  eden space 369664K, 0% used [0x00000000e0000000,0x00000000e0000000,0x00000000f6900000)
  from space 59392K, 54% used [0x00000000f6900000,0x00000000f88e18e0,0x00000000fa300000)
  to   space 57344K, 0% used [0x00000000fb700000,0x00000000fb700000,0x00000000fef00000)
 ParOldGen       total 190976K, used 82269K [0x00000000a0000000, 0x00000000aba80000, 0x00000000e0000000)
  object space 190976K, 43% used [0x00000000a0000000,0x00000000a5057790,0x00000000aba80000)
 Metaspace       used 107706K, capacity 115754K, committed 116056K, reserved 1150976K
  class space    used 13607K, capacity 14914K, committed 14976K, reserved 1048576K
}

