# JRE version: OpenJDK Runtime Environment (8.0_202-b03) (build 1.8.0_202-release-1483-b03)
# Java VM: OpenJDK 64-Bit Server VM (25.202-b03 mixed mode windows-amd64 compressed oops)
Heap:
 PSYoungGen      total 136192K, used 122368K [0x00000000e0000000, 0x00000000eb000000, 0x0000000100000000)
  eden space 122368K, 100% used [0x00000000e0000000,0x00000000e7780000,0x00000000e7780000)
  from space 13824K, 0% used [0x00000000e7780000,0x00000000e7780000,0x00000000e8500000)
  to   space 14336K, 54% used [0x00000000ea200000,0x00000000ea998030,0x00000000eb000000)
 ParOldGen       total 118784K, used 29994K [0x00000000a0000000, 0x00000000a7400000, 0x00000000e0000000)
  object space 118784K, 25% used [0x00000000a0000000,0x00000000a1d4ab00,0x00000000a7400000)
 Metaspace       used 63058K, capacity 64872K, committed 65112K, reserved 1105920K
  class space    used 8336K, capacity 8755K, committed 8832K, reserved 1048576K
GC Heap History (10 events):
Event: 9.861 GC heap after
Heap after GC invocations=12 (full 2):
 PSYoungGen      total 111104K, used 0K [0x00000000e0000000, 0x00000000e8f00000, 0x0000000100000000)
  eden space 100864K, 0% used [0x00000000e0000000,0x00000000e0000000,0x00000000e6280000)
  from space 10240K, 0% used [0x00000000e6c80000,0x00000000e6c80000,0x00000000e7680000)
  to   space 10240K, 0% used [0x00000000e6280000,0x00000000e6280000,0x00000000e6c80000)
 ParOldGen       total 77824K, used 17130K [0x00000000a0000000, 0x00000000a4c00000, 0x00000000e0000000)
  object space 77824K, 22% used [0x00000000a0000000,0x00000000a10ba9c0,0x00000000a4c00000)
 Metaspace       used 34563K, capacity 35184K, committed 35416K, reserved 1079296K
  class space    used 4743K, capacity 4933K, committed 4992K, reserved 1048576K
}
Event: 12.302 GC heap before
{Heap before GC invocations=13 (full 2):
 PSYoungGen      total 111104K, used 100864K [0x00000000e0000000, 0x00000000e8f00000, 0x0000000100000000)
  eden space 100864K, 100% used [0x00000000e0000000,0x00000000e6280000,0x00000000e6280000)
  from space 10240K, 0% used [0x00000000e6c80000,0x00000000e6c80000,0x00000000e7680000)
  to   space 10240K, 0% used [0x00000000e6280000,0x00000000e6280000,0x00000000e6c80000)
 ParOldGen       total 77824K, used 17130K [0x00000000a0000000, 0x00000000a4c00000, 0x00000000e0000000)
  object space 77824K, 22% used [0x00000000a0000000,0x00000000a10ba9c0,0x00000000a4c00000)
 Metaspace       used 45031K, capacity 45880K, committed 46296K, reserved 1089536K
  class space    used 6065K, capacity 6298K, committed 6400K, reserved 1048576K
Event: 12.317 GC heap after
Heap after GC invocations=13 (full 2):
 PSYoungGen      total 111104K, used 10208K [0x00000000e0000000, 0x00000000e9180000, 0x0000000100000000)
  eden space 100864K, 0% used [0x00000000e0000000,0x00000000e0000000,0x00000000e6280000)
  from space 10240K, 99% used [0x00000000e6280000,0x00000000e6c78170,0x00000000e6c80000)
  to   space 12800K, 0% used [0x00000000e8500000,0x00000000e8500000,0x00000000e9180000)
 ParOldGen       total 77824K, used 20565K [0x00000000a0000000, 0x00000000a4c00000, 0x00000000e0000000)
  object space 77824K, 26% used [0x00000000a0000000,0x00000000a1415730,0x00000000a4c00000)
 Metaspace       used 45031K, capacity 45880K, committed 46296K, reserved 1089536K
  class space    used 6065K, capacity 6298K, committed 6400K, reserved 1048576K
}
Event: 14.491 GC heap before
{Heap before GC invocations=14 (full 2):
 PSYoungGen      total 111104K, used 111072K [0x00000000e0000000, 0x00000000e9180000, 0x0000000100000000)
  eden space 100864K, 100% used [0x00000000e0000000,0x00000000e6280000,0x00000000e6280000)
  from space 10240K, 99% used [0x00000000e6280000,0x00000000e6c78170,0x00000000e6c80000)
  to   space 12800K, 0% used [0x00000000e8500000,0x00000000e8500000,0x00000000e9180000)
 ParOldGen       total 77824K, used 20565K [0x00000000a0000000, 0x00000000a4c00000, 0x00000000e0000000)
  object space 77824K, 26% used [0x00000000a0000000,0x00000000a1415730,0x00000000a4c00000)
 Metaspace       used 52705K, capacity 54216K, committed 54360K, reserved 1095680K
  class space    used 7159K, capacity 7549K, committed 7552K, reserved 1048576K
Event: 14.519 GC heap after
Heap after GC invocations=14 (full 2):
 PSYoungGen      total 135168K, used 11633K [0x00000000e0000000, 0x00000000e9400000, 0x0000000100000000)
  eden space 122368K, 0% used [0x00000000e0000000,0x00000000e0000000,0x00000000e7780000)
  from space 12800K, 90% used [0x00000000e8500000,0x00000000e905c7b8,0x00000000e9180000)
  to   space 13824K, 0% used [0x00000000e7780000,0x00000000e7780000,0x00000000e8500000)
 ParOldGen       total 77824K, used 26717K [0x00000000a0000000, 0x00000000a4c00000, 0x00000000e0000000)
  object space 77824K, 34% used [0x00000000a0000000,0x00000000a1a17548,0x00000000a4c00000)
 Metaspace       used 52705K, capacity 54216K, committed 54360K, reserved 1095680K
  class space    used 7159K, capacity 7549K, committed 7552K, reserved 1048576K
}
Event: 15.541 GC heap before
{Heap before GC invocations=15 (full 2):
 PSYoungGen      total 135168K, used 64899K [0x00000000e0000000, 0x00000000e9400000, 0x0000000100000000)
  eden space 122368K, 43% used [0x00000000e0000000,0x00000000e34044c0,0x00000000e7780000)
  from space 12800K, 90% used [0x00000000e8500000,0x00000000e905c7b8,0x00000000e9180000)
  to   space 13824K, 0% used [0x00000000e7780000,0x00000000e7780000,0x00000000e8500000)
 ParOldGen       total 77824K, used 26717K [0x00000000a0000000, 0x00000000a4c00000, 0x00000000e0000000)
  object space 77824K, 34% used [0x00000000a0000000,0x00000000a1a17548,0x00000000a4c00000)
 Metaspace       used 57025K, capacity 58960K, committed 59028K, reserved 1099776K
  class space    used 7830K, capacity 8293K, committed 8320K, reserved 1048576K
Event: 15.558 GC heap after
Heap after GC invocations=15 (full 2):
 PSYoungGen      total 136192K, used 10057K [0x00000000e0000000, 0x00000000eb000000, 0x0000000100000000)
  eden space 122368K, 0% used [0x00000000e0000000,0x00000000e0000000,0x00000000e7780000)
  from space 13824K, 72% used [0x00000000e7780000,0x00000000e81526d8,0x00000000e8500000)
  to   space 14336K, 0% used [0x00000000ea200000,0x00000000ea200000,0x00000000eb000000)
 ParOldGen       total 77824K, used 26789K [0x00000000a0000000, 0x00000000a4c00000, 0x00000000e0000000)
  object space 77824K, 34% used [0x00000000a0000000,0x00000000a1a29558,0x00000000a4c00000)
 Metaspace       used 57025K, capacity 58960K, committed 59028K, reserved 1099776K
  class space    used 7830K, capacity 8293K, committed 8320K, reserved 1048576K
}
Event: 15.558 GC heap before
{Heap before GC invocations=16 (full 3):
 PSYoungGen      total 136192K, used 10057K [0x00000000e0000000, 0x00000000eb000000, 0x0000000100000000)
  eden space 122368K, 0% used [0x00000000e0000000,0x00000000e0000000,0x00000000e7780000)
  from space 13824K, 72% used [0x00000000e7780000,0x00000000e81526d8,0x00000000e8500000)
  to   space 14336K, 0% used [0x00000000ea200000,0x00000000ea200000,0x00000000eb000000)
 ParOldGen       total 77824K, used 26789K [0x00000000a0000000, 0x00000000a4c00000, 0x00000000e0000000)
  object space 77824K, 34% used [0x00000000a0000000,0x00000000a1a29558,0x00000000a4c00000)
 Metaspace       used 57025K, capacity 58960K, committed 59028K, reserved 1099776K
  class space    used 7830K, capacity 8293K, committed 8320K, reserved 1048576K
Event: 16.049 GC heap after
Heap after GC invocations=16 (full 3):
 PSYoungGen      total 136192K, used 0K [0x00000000e0000000, 0x00000000eb000000, 0x0000000100000000)
  eden space 122368K, 0% used [0x00000000e0000000,0x00000000e0000000,0x00000000e7780000)
  from space 13824K, 0% used [0x00000000e7780000,0x00000000e7780000,0x00000000e8500000)
  to   space 14336K, 0% used [0x00000000ea200000,0x00000000ea200000,0x00000000eb000000)
 ParOldGen       total 118784K, used 29986K [0x00000000a0000000, 0x00000000a7400000, 0x00000000e0000000)
  object space 118784K, 25% used [0x00000000a0000000,0x00000000a1d48b00,0x00000000a7400000)
 Metaspace       used 56800K, capacity 58306K, committed 59028K, reserved 1099776K
  class space    used 7760K, capacity 8170K, committed 8320K, reserved 1048576K
}
Event: 330.595 GC heap before
{Heap before GC invocations=17 (full 3):
 PSYoungGen      total 136192K, used 122368K [0x00000000e0000000, 0x00000000eb000000, 0x0000000100000000)
  eden space 122368K, 100% used [0x00000000e0000000,0x00000000e7780000,0x00000000e7780000)
  from space 13824K, 0% used [0x00000000e7780000,0x00000000e7780000,0x00000000e8500000)
  to   space 14336K, 0% used [0x00000000ea200000,0x00000000ea200000,0x00000000eb000000)
 ParOldGen       total 118784K, used 29986K [0x00000000a0000000, 0x00000000a7400000, 0x00000000e0000000)
  object space 118784K, 25% used [0x00000000a0000000,0x00000000a1d48b00,0x00000000a7400000)
 Metaspace       used 63058K, capacity 64872K, committed 65112K, reserved 1105920K
  class space    used 8336K, capacity 8755K, committed 8832K, reserved 1048576K

